<?xml version="1.0" encoding="UTF-8"?>
<!-- Generated by org.testng.reporters.JUnitReportReporter -->
<testsuite hostname="DESKTOP-3824BQ8" failures="0" tests="1" name="testing.HandlingFrames" time="7.684" errors="0" timestamp="2023-02-08T13:01:04 IST" skipped="0">
  <testcase classname="testing.HandlingFrames" name="test" time="7.684"/>
  <system-out/>
</testsuite> <!-- testing.HandlingFrames -->
