<?xml version="1.0" encoding="UTF-8"?>
<!-- Generated by org.testng.reporters.JUnitReportReporter -->
<testsuite hostname="DESKTOP-3824BQ8" failures="0" tests="1" name="backofficemodulewise.Loinerrormessage" time="8.582" errors="0" timestamp="2022-09-26T15:03:42 IST" skipped="0">
  <testcase classname="backofficemodulewise.Loinerrormessage" name="login" time="8.582"/>
  <system-out/>
</testsuite> <!-- backofficemodulewise.Loinerrormessage -->
