<?xml version="1.0" encoding="UTF-8"?>
<!-- Generated by org.testng.reporters.JUnitReportReporter -->
<testsuite hostname="DESKTOP-3824BQ8" failures="0" tests="1" name="testing.AutomateCalender" time="39.963" errors="0" timestamp="2023-02-02T18:45:07 IST" skipped="0">
  <testcase classname="testing.AutomateCalender" name="test1" time="39.963"/>
  <system-out/>
</testsuite> <!-- testing.AutomateCalender -->
