<?xml version="1.0" encoding="UTF-8"?>
<!-- Generated by org.testng.reporters.JUnitReportReporter -->
<testsuite hostname="DESKTOP-3824BQ8" failures="0" tests="1" name="testing.BrowserNotifications" time="44.590" errors="0" timestamp="2023-01-16T13:29:15 IST" skipped="0">
  <testcase classname="testing.BrowserNotifications" name="notifications" time="44.590"/>
  <system-out/>
</testsuite> <!-- testing.BrowserNotifications -->
