<?xml version="1.0" encoding="UTF-8"?>
<!-- Generated by org.testng.reporters.JUnitReportReporter -->
<testsuite hostname="DESKTOP-3824BQ8" failures="0" tests="1" name="testing.GetAlltheValuesinDropDown" time="19.829" errors="0" timestamp="2023-02-02T13:41:23 IST" skipped="0">
  <testcase classname="testing.GetAlltheValuesinDropDown" name="Launch" time="19.829"/>
  <system-out/>
</testsuite> <!-- testing.GetAlltheValuesinDropDown -->
