<?xml version="1.0" encoding="UTF-8"?>
<!-- Generated by org.testng.reporters.JUnitReportReporter -->
<testsuite hostname="DESKTOP-3824BQ8" failures="0" tests="2" name="backoffice.CreateTopic" time="31.821" errors="0" timestamp="2022-07-28T18:39:20 IST" skipped="0">
  <testcase classname="backoffice.CreateTopic" name="login" time="7.311"/>
  <system-out/>
  <testcase classname="backoffice.CreateTopic" name="createstate" time="24.510"/>
  <system-out/>
</testsuite> <!-- backoffice.CreateTopic -->
