<?xml version="1.0" encoding="UTF-8"?>
<!-- Generated by org.testng.reporters.JUnitReportReporter -->
<testsuite hostname="DESKTOP-3824BQ8" failures="0" tests="1" name="tableautomation.TableClassAutomation" time="0.641" errors="0" timestamp="2023-02-01T13:14:29 IST" skipped="0">
  <testcase classname="tableautomation.TableClassAutomation" name="table" time="0.641"/>
  <system-out/>
</testsuite> <!-- tableautomation.TableClassAutomation -->
