<?xml version="1.0" encoding="UTF-8"?>
<!-- Generated by org.testng.reporters.JUnitReportReporter -->
<testsuite hostname="DESKTOP-3824BQ8" failures="0" tests="2" name="backoffice_Edit.EditState" time="23.358" errors="0" timestamp="2023-01-05T18:50:52 IST" skipped="0">
  <testcase classname="backoffice_Edit.EditState" name="login" time="6.728"/>
  <system-out/>
  <testcase classname="backoffice_Edit.EditState" name="Editstate" time="16.630"/>
  <system-out/>
</testsuite> <!-- backoffice_Edit.EditState -->
