<?xml version="1.0" encoding="UTF-8"?>
<!-- Generated by org.testng.reporters.JUnitReportReporter -->
<testsuite hostname="DESKTOP-3824BQ8" failures="0" tests="1" name="testing.Calendertest1" time="15.146" errors="0" timestamp="2022-12-29T12:36:34 IST" skipped="0">
  <testcase classname="testing.Calendertest1" name="setup" time="15.146"/>
  <system-out/>
</testsuite> <!-- testing.Calendertest1 -->
