<?xml version="1.0" encoding="UTF-8"?>
<!-- Generated by org.testng.reporters.JUnitReportReporter -->
<testsuite hostname="DESKTOP-3824BQ8" failures="0" tests="1" name="tableautomation.TablePagination" time="26.383" errors="0" timestamp="2023-02-03T16:34:16 IST" skipped="0">
  <testcase classname="tableautomation.TablePagination" name="table" time="26.383"/>
  <system-out/>
</testsuite> <!-- tableautomation.TablePagination -->
