<?xml version="1.0" encoding="UTF-8"?>
<!-- Generated by org.testng.reporters.JUnitReportReporter -->
<testsuite hostname="DESKTOP-3824BQ8" failures="0" tests="2" name="backoffice.CreateQuestion" time="60.425" errors="0" timestamp="2022-07-29T12:48:52 IST" skipped="0">
  <testcase classname="backoffice.CreateQuestion" name="login" time="7.289"/>
  <system-out/>
  <testcase classname="backoffice.CreateQuestion" name="createstate" time="53.136"/>
  <system-out/>
</testsuite> <!-- backoffice.CreateQuestion -->
