<?xml version="1.0" encoding="UTF-8"?>
<!-- Generated by org.testng.reporters.JUnitReportReporter -->
<testsuite hostname="DESKTOP-3824BQ8" failures="0" tests="2" name="backoffice.CreateBackofficeUser" time="36.824" errors="0" timestamp="2022-07-29T11:26:32 IST" skipped="0">
  <testcase classname="backoffice.CreateBackofficeUser" name="login" time="7.253"/>
  <system-out/>
  <testcase classname="backoffice.CreateBackofficeUser" name="School" time="29.571"/>
  <system-out/>
</testsuite> <!-- backoffice.CreateBackofficeUser -->
