<?xml version="1.0" encoding="UTF-8"?>
<!-- Generated by org.testng.reporters.JUnitReportReporter -->
<testsuite hostname="DESKTOP-3824BQ8" failures="0" tests="1" name="tableautomation.ExportTabledataIntoFile" time="2.643" errors="0" timestamp="2023-02-03T14:53:37 IST" skipped="0">
  <testcase classname="tableautomation.ExportTabledataIntoFile" name="table" time="2.643"/>
  <system-out/>
</testsuite> <!-- tableautomation.ExportTabledataIntoFile -->
