<?xml version="1.0" encoding="UTF-8"?>
<!-- Generated by org.testng.reporters.JUnitReportReporter -->
<testsuite hostname="DESKTOP-3824BQ8" failures="0" tests="2" name="backoffice.CreateEducationBoard" time="22.764" errors="0" timestamp="2022-07-28T17:41:01 IST" skipped="0">
  <testcase classname="backoffice.CreateEducationBoard" name="login" time="7.366"/>
  <system-out/>
  <testcase classname="backoffice.CreateEducationBoard" name="createstate" time="15.398"/>
  <system-out/>
</testsuite> <!-- backoffice.CreateEducationBoard -->
