<?xml version="1.0" encoding="UTF-8"?>
<!-- Generated by org.testng.reporters.JUnitReportReporter -->
<testsuite hostname="DESKTOP-3824BQ8" failures="0" tests="1" name="tableautomation.WritingtheDataIntoExcel" time="14.854" errors="0" timestamp="2023-02-07T12:31:10 IST" skipped="0">
  <testcase classname="tableautomation.WritingtheDataIntoExcel" name="test1" time="14.854"/>
  <system-out/>
</testsuite> <!-- tableautomation.WritingtheDataIntoExcel -->
