<?xml version="1.0" encoding="UTF-8"?>
<!-- Generated by org.testng.reporters.JUnitReportReporter -->
<testsuite hostname="DESKTOP-3824BQ8" failures="0" tests="1" name="backoffice.CreateState" time="16.815" errors="0" timestamp="2023-02-08T10:57:20 IST" skipped="0">
  <testcase classname="backoffice.CreateState" name="createDuplicatedstate" time="16.815"/>
  <system-out/>
</testsuite> <!-- backoffice.CreateState -->
