<?xml version="1.0" encoding="UTF-8"?>
<!-- Generated by org.testng.reporters.JUnitReportReporter -->
<testsuite hostname="DESKTOP-3824BQ8" failures="0" tests="1" name="testing.ChangetheDownloadPath" time="8.675" errors="0" timestamp="2023-01-23T18:52:42 IST" skipped="0">
  <testcase classname="testing.ChangetheDownloadPath" name="login" time="8.675"/>
  <system-out/>
</testsuite> <!-- testing.ChangetheDownloadPath -->
