<?xml version="1.0" encoding="UTF-8"?>
<!-- Generated by org.testng.reporters.JUnitReportReporter -->
<testsuite hostname="DESKTOP-3824BQ8" failures="0" tests="1" name="testing.Test1" time="20.138" errors="0" timestamp="2023-02-03T15:29:34 IST" skipped="0">
  <testcase classname="testing.Test1" name="browserlaunch" time="20.138"/>
  <system-out/>
</testsuite> <!-- testing.Test1 -->
