<?xml version="1.0" encoding="UTF-8"?>
<!-- Generated by org.testng.reporters.JUnitReportReporter -->
<testsuite hostname="DESKTOP-3824BQ8" failures="0" tests="1" name="testing.TableAutomation" time="4.760" errors="0" timestamp="2023-02-01T10:19:03 IST" skipped="0">
  <testcase classname="testing.TableAutomation" name="table" time="4.760"/>
  <system-out/>
</testsuite> <!-- testing.TableAutomation -->
