<?xml version="1.0" encoding="UTF-8"?>
<!-- Generated by org.testng.reporters.JUnitReportReporter -->
<testsuite hostname="DESKTOP-3824BQ8" failures="0" tests="2" name="backoffice.CreateChapter" time="24.282" errors="0" timestamp="2023-01-20T12:55:11 IST" skipped="0">
  <testcase classname="backoffice.CreateChapter" name="login" time="9.086"/>
  <system-out/>
  <testcase classname="backoffice.CreateChapter" name="createstate" time="15.196"/>
  <system-out/>
</testsuite> <!-- backoffice.CreateChapter -->
