<?xml version="1.0" encoding="UTF-8"?>
<!-- Generated by org.testng.reporters.JUnitReportReporter -->
<testsuite hostname="DESKTOP-3824BQ8" failures="0" tests="1" name="tableautomation.ConvertHtmltoCsv$TableAutomatio3" time="4.156" errors="0" timestamp="2023-02-06T15:37:37 IST" skipped="0">
  <testcase classname="tableautomation.ConvertHtmltoCsv$TableAutomatio3" name="table" time="4.156"/>
  <system-out/>
</testsuite> <!-- tableautomation.ConvertHtmltoCsv$TableAutomatio3 -->
