<?xml version="1.0" encoding="UTF-8"?>
<!-- Generated by org.testng.reporters.JUnitReportReporter -->
<testsuite hostname="DESKTOP-3824BQ8" failures="0" tests="1" name="tableautomation.Vigeodash" time="44.639" errors="0" timestamp="2023-02-02T16:12:57 IST" skipped="0">
  <testcase classname="tableautomation.Vigeodash" name="test1" time="44.639"/>
  <system-out/>
</testsuite> <!-- tableautomation.Vigeodash -->
