<?xml version="1.0" encoding="UTF-8"?>
<!-- Generated by org.testng.reporters.JUnitReportReporter -->
<testsuite hostname="DESKTOP-3824BQ8" failures="0" tests="1" name="tableautomation.ValidateTableData" time="3.005" errors="0" timestamp="2023-02-02T15:18:02 IST" skipped="0">
  <testcase classname="tableautomation.ValidateTableData" name="table" time="3.005"/>
  <system-out/>
</testsuite> <!-- tableautomation.ValidateTableData -->
