<?xml version="1.0" encoding="UTF-8"?>
<!-- Generated by org.testng.reporters.JUnitReportReporter -->
<testsuite hostname="DESKTOP-3824BQ8" failures="0" tests="1" name="testing.Test4" time="16.300" errors="0" timestamp="2023-02-06T16:26:25 IST" skipped="0">
  <testcase classname="testing.Test4" name="test1" time="16.300"/>
  <system-out/>
</testsuite> <!-- testing.Test4 -->
