<?xml version="1.0" encoding="UTF-8"?>
<!-- Generated by org.testng.reporters.JUnitReportReporter -->
<testsuite hostname="DESKTOP-3824BQ8" failures="0" tests="1" name="tableautomation.PrintWholeSelectedColumn" time="3.246" errors="0" timestamp="2023-02-03T12:56:55 IST" skipped="0">
  <testcase classname="tableautomation.PrintWholeSelectedColumn" name="table" time="3.246"/>
  <system-out/>
</testsuite> <!-- tableautomation.PrintWholeSelectedColumn -->
