<?xml version="1.0" encoding="UTF-8"?>
<!-- Generated by org.testng.reporters.JUnitReportReporter -->
<testsuite hostname="DESKTOP-3824BQ8" failures="0" tests="2" name="backoffice.CreateClass" time="44.740" errors="0" timestamp="2022-07-29T12:07:48 IST" skipped="0">
  <testcase classname="backoffice.CreateClass" name="login" time="7.253"/>
  <system-out/>
  <testcase classname="backoffice.CreateClass" name="School" time="37.487"/>
  <system-out/>
</testsuite> <!-- backoffice.CreateClass -->
