<?xml version="1.0" encoding="UTF-8"?>
<!-- Generated by org.testng.reporters.JUnitReportReporter -->
<testsuite hostname="DESKTOP-3824BQ8" failures="0" tests="2" name="backoffice.CreateMultiSelectMCQ" time="60.328" errors="0" timestamp="2022-07-29T12:58:14 IST" skipped="0">
  <testcase classname="backoffice.CreateMultiSelectMCQ" name="login" time="7.262"/>
  <system-out/>
  <testcase classname="backoffice.CreateMultiSelectMCQ" name="createstate" time="53.066"/>
  <system-out/>
</testsuite> <!-- backoffice.CreateMultiSelectMCQ -->
