<?xml version="1.0" encoding="UTF-8"?>
<!-- Generated by org.testng.reporters.JUnitReportReporter -->
<testsuite hostname="DESKTOP-3824BQ8" failures="0" tests="1" name="testing.Automatecapche" time="20.722" errors="0" timestamp="2023-01-16T12:51:23 IST" skipped="0">
  <testcase classname="testing.Automatecapche" name="browserlaunch" time="20.722"/>
  <system-out/>
</testsuite> <!-- testing.Automatecapche -->
