<?xml version="1.0" encoding="UTF-8"?>
<!-- Generated by org.testng.reporters.JUnitReportReporter -->
<testsuite hostname="DESKTOP-3824BQ8" failures="0" tests="1" name="backoffice_Edit.TestingCalender" time="13.236" errors="0" timestamp="2023-01-06T13:06:32 IST" skipped="0">
  <testcase classname="backoffice_Edit.TestingCalender" name="test1" time="13.236"/>
  <system-out/>
</testsuite> <!-- backoffice_Edit.TestingCalender -->
