<?xml version="1.0" encoding="UTF-8"?>
<!-- Generated by org.testng.reporters.JUnitReportReporter -->
<testsuite hostname="DESKTOP-3824BQ8" failures="0" tests="1" name="datadrivenFrameWork.ReadingDataFromExcelFile" time="1.006" errors="0" timestamp="2023-01-25T18:43:31 IST" skipped="0">
  <testcase classname="datadrivenFrameWork.ReadingDataFromExcelFile" name="dataread" time="1.006"/>
  <system-out/>
</testsuite> <!-- datadrivenFrameWork.ReadingDataFromExcelFile -->
